SF:lib/blocs/bloc_provider.dart
DA:5,1
DA:9,1
DA:14,1
DA:15,1
DA:17,0
DA:18,0
DA:19,0
DA:20,0
DA:22,0
DA:26,1
DA:28,3
DA:29,1
DA:32,1
DA:34,2
LF:14
LH:9
end_of_record
SF:lib/blocs/todo_bloc.dart
DA:8,3
DA:9,0
DA:12,0
DA:13,0
DA:16,0
DA:17,0
DA:19,1
DA:20,2
DA:23,1
DA:24,2
DA:25,2
DA:26,2
LF:12
LH:7
end_of_record
SF:lib/family_todo_app.dart
DA:8,1
DA:10,1
DA:11,1
DA:13,1
DA:15,1
DA:18,1
DA:19,2
DA:20,0
LF:8
LH:7
end_of_record
SF:lib/screens/create_todo_screen.dart
DA:6,0
DA:8,0
DA:9,0
DA:10,0
DA:11,0
DA:13,0
DA:14,0
DA:15,0
DA:16,0
DA:17,0
DA:18,0
DA:19,0
DA:22,0
DA:26,0
DA:27,0
DA:28,0
DA:30,0
DA:31,0
DA:32,0
DA:33,0
DA:34,0
DA:35,0
DA:36,0
DA:38,0
DA:39,0
DA:40,0
LF:26
LH:0
end_of_record
SF:lib/screens/home_screen.dart
DA:18,1
DA:20,1
DA:21,1
DA:22,1
DA:24,1
DA:25,2
DA:27,1
DA:28,0
DA:29,0
DA:31,1
LF:10
LH:8
end_of_record
SF:lib/models/todo.dart
DA:10,1
LF:1
LH:1
end_of_record
SF:lib/widgets/todo_list.dart
DA:8,2
DA:10,1
DA:12,1
DA:13,1
DA:14,1
DA:15,1
DA:16,4
DA:18,1
DA:19,1
DA:20,2
DA:21,1
DA:22,2
DA:23,1
LF:13
LH:13
end_of_record
SF:lib/widgets/todo_tile.dart
DA:7,2
DA:8,1
DA:10,1
DA:11,0
DA:12,0
DA:14,1
DA:15,1
DA:16,1
DA:17,1
DA:20,1
DA:21,1
DA:24,1
DA:25,3
DA:26,3
DA:29,1
DA:30,1
DA:32,1
DA:33,0
DA:34,0
DA:36,2
LF:20
LH:16
end_of_record
